E:\Programming\Projects\Prjct-Chat-AngularNetCore\ClientApp\dist\out-tsc\e2e\src\app.po.js
E:\Programming\Projects\Prjct-Chat-AngularNetCore\ClientApp\dist\out-tsc\e2e\src\app.po.js.map
E:\Programming\Projects\Prjct-Chat-AngularNetCore\ClientApp\dist\out-tsc\e2e\src\app.e2e-spec.js
E:\Programming\Projects\Prjct-Chat-AngularNetCore\ClientApp\dist\out-tsc\e2e\src\app.e2e-spec.js.map
E:\Programming\Projects\Prjct-Chat-AngularNetCore\ClientApp\dist\out-tsc\src\app\chat.service.js
E:\Programming\Projects\Prjct-Chat-AngularNetCore\ClientApp\dist\out-tsc\src\app\chat.service.js.map
E:\Programming\Projects\Prjct-Chat-AngularNetCore\ClientApp\dist\out-tsc\src\app\message.js
E:\Programming\Projects\Prjct-Chat-AngularNetCore\ClientApp\dist\out-tsc\src\app\message.js.map
E:\Programming\Projects\Prjct-Chat-AngularNetCore\ClientApp\dist\out-tsc\src\app\app.component.js
E:\Programming\Projects\Prjct-Chat-AngularNetCore\ClientApp\dist\out-tsc\src\app\app.component.js.map
E:\Programming\Projects\Prjct-Chat-AngularNetCore\ClientApp\dist\out-tsc\src\app\app.module.js
E:\Programming\Projects\Prjct-Chat-AngularNetCore\ClientApp\dist\out-tsc\src\app\app.module.js.map
E:\Programming\Projects\Prjct-Chat-AngularNetCore\ClientApp\dist\out-tsc\src\environments\environment.js
E:\Programming\Projects\Prjct-Chat-AngularNetCore\ClientApp\dist\out-tsc\src\environments\environment.js.map
E:\Programming\Projects\Prjct-Chat-AngularNetCore\ClientApp\dist\out-tsc\src\main.js
E:\Programming\Projects\Prjct-Chat-AngularNetCore\ClientApp\dist\out-tsc\src\main.js.map
E:\Programming\Projects\Prjct-Chat-AngularNetCore\ClientApp\dist\out-tsc\src\polyfills.js
E:\Programming\Projects\Prjct-Chat-AngularNetCore\ClientApp\dist\out-tsc\src\polyfills.js.map
E:\Programming\Projects\Prjct-Chat-AngularNetCore\ClientApp\dist\out-tsc\src\test.js
E:\Programming\Projects\Prjct-Chat-AngularNetCore\ClientApp\dist\out-tsc\src\test.js.map
E:\Programming\Projects\Prjct-Chat-AngularNetCore\ClientApp\dist\out-tsc\src\app\app.component.spec.js
E:\Programming\Projects\Prjct-Chat-AngularNetCore\ClientApp\dist\out-tsc\src\app\app.component.spec.js.map
E:\Programming\Projects\Prjct-Chat-AngularNetCore\ClientApp\dist\out-tsc\src\environments\environment.prod.js
E:\Programming\Projects\Prjct-Chat-AngularNetCore\ClientApp\dist\out-tsc\src\environments\environment.prod.js.map
